Start at Friday, December 28, 2012    23:06:39
=========================================

Registration Info : 

Windows Version:
Professional Service Pack 1 (Build 7601)

Module Info:
Company: fCoder Group, Inc.
Product Name: ImageConverter Plus
Product Version: 7.1.47.90206

CPU Info:
Vendor: GenuineIntel
Vendor ID: Intel Corporation
Extended Processor Name: Unknown P6 family
Procesor Clock Frequecy: 2399
Logical processors per physical: 2
Stepping code: 13
MMX support: yes
MMX+ support: no
SSE support: yes
SSE2 support: yes
3DNow suppor: no
3DNow+ suppor: no
AI64 support: no
Hyperthreading support: no
L1 cache size: -1
L2 cache size: -1
L3 cache size: -1

Monitor info:
Color depth: 32 Bits per pixel.
Pixel Width: 1680
Pixel Height: 1050
Refresh frequency: 60 Hz

Internet Explorer Version: 6.1
Build Number: 7601

Printers list: 
Microsoft XPS Document Writer
Microsoft Office Document Image Writer
Fax
Canon MP210 series Printer

Default printer: 
Canon MP210 series Printer


Script settings:

Operations:
    new size : 128 128 
    size units : pixels
    Horizontal resolution : 72
    Vertical resolution : 72
    Resolution units : inches
    keep original image proportions : yes
    rescale method : bilinear
    don't zoom, if source image size smaller : no
    use original image resolution, in case it is supported : yes
    fit mode : fit_in_size
    fit alignment : center

Format properties:
    Extension: jpg
    bits per pixel for baseline mode : 24
    compression quality : 75
    compression mode : baseline
    compression sample : 111
    create thumbnail : No
    save exif information : Yes
    save iptc information : Yes
    lossless predictor (-1 for auto select) : -1
    restart interval in MCU-rows : 0
    interleaved : yes
    optimize huffman codes : yes

Save properties:
    Destination path: F:\PHOTO
    convert with subfolders : yes
    restore subfolder structure in target folder : yes
    open target folder after conversion : yes
    create log file in target folder : yes

Target file name properties:
    Name template: {Title}.{Type}
    what to do, if file exists : auto_rename
    delete source images : no

Processing files...

=====================================================================

File 1 of 107

RAM free    :    1232.4 of    2047.3 Mb
Virtual free:    1848.0 of    2047.9 Mb
Target free disk space :   84178.0 of  155245.3 Mb
Temp free disk space   :   40837.7 of  100000.0 Mb

Src info : F:\Agatha Christie\gameres\rooms\endhouse_bedroom\images\#n_bag.jng
jng, 174x109px, 32bpp, 1 page(s), 96.000000x96.000000 dpi, 7708 bytes
Load all pages :  ok

Operations:
Resize :  ok

Save :  ok

Dest info : F:\PHOTO\#n_bag.jpg
jpg, 174x109px, 24bpp, 1 page(s), 96.000000x96.000000 dpi, 2774 bytes

=====================================================================

File 2 of 107

RAM free    :    1232.4 of    2047.3 Mb
Virtual free:    1848.0 of    2047.9 Mb
Target free disk space :   84178.0 of  155245.3 Mb
Temp free disk space   :   40837.7 of  100000.0 Mb

Src info : F:\Agatha Christie\gameres\rooms\endhouse_bedroom\images\#n_book03.jng
jng, 143x55px, 32bpp, 1 page(s), 96.000000x96.000000 dpi, 5009 bytes
Load all pages :  ok

Operations:
Resize :  ok

Save :  ok

Dest info : F:\PHOTO\#n_book03.jpg
jpg, 143x55px, 24bpp, 1 page(s), 96.000000x96.000000 dpi, 2081 bytes

=====================================================================

File 3 of 107

RAM free    :    1232.4 of    2047.3 Mb
Virtual free:    1848.0 of    2047.9 Mb
Target free disk space :   84178.0 of  155245.3 Mb
Temp free disk space   :   40837.7 of  100000.0 Mb

Src info : F:\Agatha Christie\gameres\rooms\endhouse_bedroom\images\#n_box.jng
jng, 35x27px, 32bpp, 1 page(s), 96.000000x96.000000 dpi, 1568 bytes
Load all pages :  ok

Operations:
Resize :  ok

Save :  ok

Dest info : F:\PHOTO\#n_box.jpg
jpg, 35x27px, 24bpp, 1 page(s), 96.000000x96.000000 dpi, 841 bytes

=====================================================================

File 4 of 107

RAM free    :    1232.5 of    2047.3 Mb
Virtual free:    1848.0 of    2047.9 Mb
Target free disk space :   84178.0 of  155245.3 Mb
Temp free disk space   :   40837.7 of  100000.0 Mb

Src info : F:\Agatha Christie\gameres\rooms\endhouse_bedroom\images\#n_box02.jng
jng, 73x59px, 32bpp, 1 page(s), 96.000000x96.000000 dpi, 4078 bytes
Load all pages :  ok

Operations:
Resize :  ok

Save :  ok

Dest info : F:\PHOTO\#n_box02.jpg
jpg, 73x59px, 24bpp, 1 page(s), 96.000000x96.000000 dpi, 1375 bytes

=====================================================================

File 5 of 107

RAM free    :    1232.6 of    2047.3 Mb
Virtual free:    1848.0 of    2047.9 Mb
Target free disk space :   84178.0 of  155245.3 Mb
Temp free disk space   :   40837.7 of  100000.0 Mb

Src info : F:\Agatha Christie\gameres\rooms\endhouse_bedroom\images\#n_box03.jng
jng, 107x63px, 32bpp, 1 page(s), 96.000000x96.000000 dpi, 4577 bytes
Load all pages :  ok

Operations:
Resize :  ok

Save :  ok

Dest info : F:\PHOTO\#n_box03.jpg
jpg, 107x63px, 24bpp, 1 page(s), 96.000000x96.000000 dpi, 1784 bytes

=====================================================================

File 6 of 107

RAM free    :    1232.3 of    2047.3 Mb
Virtual free:    1848.0 of    2047.9 Mb
Target free disk space :   84178.0 of  155245.3 Mb
Temp free disk space   :   40837.7 of  100000.0 Mb

Src info : F:\Agatha Christie\gameres\rooms\endhouse_bedroom\images\#n_box04.jng
jng, 75x36px, 32bpp, 1 page(s), 96.000000x96.000000 dpi, 3041 bytes
Load all pages :  ok

Operations:
Resize :  ok

Save :  ok

Dest info : F:\PHOTO\#n_box04.jpg
jpg, 75x36px, 24bpp, 1 page(s), 96.000000x96.000000 dpi, 1394 bytes

=====================================================================

File 7 of 107

RAM free    :    1232.3 of    2047.3 Mb
Virtual free:    1848.0 of    2047.9 Mb
Target free disk space :   84178.0 of  155245.3 Mb
Temp free disk space   :   40837.7 of  100000.0 Mb

Src info : F:\Agatha Christie\gameres\rooms\endhouse_bedroom\images\#n_bracelet.jng
jng, 50x27px, 32bpp, 1 page(s), 96.000000x96.000000 dpi, 2522 bytes
Load all pages :  ok

Operations:
Resize :  ok

Save :  ok

Dest info : F:\PHOTO\#n_bracelet.jpg
jpg, 50x27px, 24bpp, 1 page(s), 96.000000x96.000000 dpi, 1001 bytes

=====================================================================

File 8 of 107

RAM free    :    1232.3 of    2047.3 Mb
Virtual free:    1848.0 of    2047.9 Mb
Target free disk space :   84178.0 of  155245.3 Mb
Temp free disk space   :   40837.7 of  100000.0 Mb

Src info : F:\Agatha Christie\gameres\rooms\endhouse_bedroom\images\#n_brooch.jng
jng, 31x25px, 32bpp, 1 page(s), 96.000000x96.000000 dpi, 1722 bytes
Load all pages :  ok

Operations:
Resize :  ok

Save :  ok

Dest info : F:\PHOTO\#n_brooch.jpg
jpg, 31x25px, 24bpp, 1 page(s), 96.000000x96.000000 dpi, 668 bytes

=====================================================================

File 9 of 107

RAM free    :    1232.4 of    2047.3 Mb
Virtual free:    1848.0 of    2047.9 Mb
Target free disk space :   84178.0 of  155245.3 Mb
Temp free disk space   :   40837.7 of  100000.0 Mb

Src info : F:\Agatha Christie\gameres\rooms\endhouse_bedroom\images\#n_broom.jng
jng, 206x369px, 32bpp, 1 page(s), 96.000000x96.000000 dpi, 22760 bytes
Load all pages :  ok

Operations:
Resize :  ok

Save :  ok

Dest info : F:\PHOTO\#n_broom.jpg
jpg, 206x369px, 24bpp, 1 page(s), 96.000000x96.000000 dpi, 5380 bytes

=====================================================================

File 10 of 107

RAM free    :    1231.7 of    2047.3 Mb
Virtual free:    1848.0 of    2047.9 Mb
Target free disk space :   84178.0 of  155245.3 Mb
Temp free disk space   :   40837.7 of  100000.0 Mb

Src info : F:\Agatha Christie\gameres\rooms\endhouse_bedroom\images\#n_brush.jng
jng, 48x38px, 32bpp, 1 page(s), 96.000000x96.000000 dpi, 2238 bytes
Load all pages :  ok

Operations:
Resize :  ok

Save :  ok

Dest info : F:\PHOTO\#n_brush.jpg
jpg, 48x38px, 24bpp, 1 page(s), 96.000000x96.000000 dpi, 896 bytes

=====================================================================

File 11 of 107

RAM free    :    1231.7 of    2047.3 Mb
Virtual free:    1848.0 of    2047.9 Mb
Target free disk space :   84178.0 of  155245.3 Mb
Temp free disk space   :   40837.7 of  100000.0 Mb

Src info : F:\Agatha Christie\gameres\rooms\endhouse_bedroom\images\#n_case.jng
jng, 51x24px, 32bpp, 1 page(s), 96.000000x96.000000 dpi, 1832 bytes
Load all pages :  ok

Operations:
Resize :  ok

Save :  ok

Dest info : F:\PHOTO\#n_case.jpg
jpg, 51x24px, 24bpp, 1 page(s), 96.000000x96.000000 dpi, 790 bytes

=====================================================================

File 12 of 107

RAM free    :    1231.8 of    2047.3 Mb
Virtual free:    1848.0 of    2047.9 Mb
Target free disk space :   84177.9 of  155245.3 Mb
Temp free disk space   :   40837.7 of  100000.0 Mb

Src info : F:\Agatha Christie\gameres\rooms\endhouse_bedroom\images\#n_cat.jng
jng, 130x73px, 32bpp, 1 page(s), 96.000000x96.000000 dpi, 8251 bytes
Load all pages :  ok

Operations:
Resize :  ok

Save :  ok

Dest info : F:\PHOTO\#n_cat.jpg
jpg, 130x73px, 24bpp, 1 page(s), 96.000000x96.000000 dpi, 2852 bytes

=====================================================================

File 13 of 107

RAM free    :    1231.9 of    2047.3 Mb
Virtual free:    1848.0 of    2047.9 Mb
Target free disk space :   84177.9 of  155245.3 Mb
Temp free disk space   :   40837.7 of  100000.0 Mb

Src info : F:\Agatha Christie\gameres\rooms\endhouse_bedroom\images\#n_chess.jng
jng, 166x92px, 32bpp, 1 page(s), 96.000000x96.000000 dpi, 11576 bytes
Load all pages :  ok

Operations:
Resize :  ok

Save :  ok

Dest info : F:\PHOTO\#n_chess.jpg
jpg, 166x92px, 24bpp, 1 page(s), 96.000000x96.000000 dpi, 5011 bytes

=====================================================================

File 14 of 107

RAM free    :    1231.9 of    2047.3 Mb
Virtual free:    1848.0 of    2047.9 Mb
Target free disk space :   84177.9 of  155245.3 Mb
Temp free disk space   :   40837.7 of  100000.0 Mb

Src info : F:\Agatha Christie\gameres\rooms\endhouse_bedroom\images\#n_cuckoo_clock.jng
jng, 83x167px, 32bpp, 1 page(s), 96.000000x96.000000 dpi, 9349 bytes
Load all pages :  ok

Operations:
Resize :  ok

Save :  ok

Dest info : F:\PHOTO\#n_cuckoo_clock.jpg
jpg, 83x167px, 24bpp, 1 page(s), 96.000000x96.000000 dpi, 3319 bytes

=====================================================================

File 15 of 107

RAM free    :    1231.8 of    2047.3 Mb
Virtual free:    1848.0 of    2047.9 Mb
Target free disk space :   84177.9 of  155245.3 Mb
Temp free disk space   :   40837.7 of  100000.0 Mb

Src info : F:\Agatha Christie\gameres\rooms\endhouse_bedroom\images\#n_cup.jng
jng, 57x40px, 32bpp, 1 page(s), 96.000000x96.000000 dpi, 2443 bytes
Load all pages :  ok

Operations:
Resize :  ok

Save :  ok

Dest info : F:\PHOTO\#n_cup.jpg
jpg, 57x40px, 24bpp, 1 page(s), 96.000000x96.000000 dpi, 1030 bytes

=====================================================================

File 16 of 107

RAM free    :    1231.8 of    2047.3 Mb
Virtual free:    1848.0 of    2047.9 Mb
Target free disk space :   84177.9 of  155245.3 Mb
Temp free disk space   :   40837.7 of  100000.0 Mb

Src info : F:\Agatha Christie\gameres\rooms\endhouse_bedroom\images\#n_dominoes.jng
jng, 112x51px, 32bpp, 1 page(s), 96.000000x96.000000 dpi, 5714 bytes
Load all pages :  ok

Operations:
Resize :  ok

Save :  ok

Dest info : F:\PHOTO\#n_dominoes.jpg
jpg, 112x51px, 24bpp, 1 page(s), 96.000000x96.000000 dpi, 2321 bytes

=====================================================================

File 17 of 107

RAM free    :    1231.9 of    2047.3 Mb
Virtual free:    1848.0 of    2047.9 Mb
Target free disk space :   84177.9 of  155245.3 Mb
Temp free disk space   :   40837.7 of  100000.0 Mb

Src info : F:\Agatha Christie\gameres\rooms\endhouse_bedroom\images\#n_drawer02.jng
jng, 49x20px, 32bpp, 1 page(s), 96.000000x96.000000 dpi, 1160 bytes
Load all pages :  ok

Operations:
Resize :  ok

Save :  ok

Dest info : F:\PHOTO\#n_drawer02.jpg
jpg, 49x20px, 24bpp, 1 page(s), 96.000000x96.000000 dpi, 620 bytes

=====================================================================

File 18 of 107

RAM free    :    1231.9 of    2047.3 Mb
Virtual free:    1848.0 of    2047.9 Mb
Target free disk space :   84177.9 of  155245.3 Mb
Temp free disk space   :   40837.7 of  100000.0 Mb

Src info : F:\Agatha Christie\gameres\rooms\endhouse_bedroom\images\#n_figurine.jng
jng, 56x51px, 32bpp, 1 page(s), 96.000000x96.000000 dpi, 2983 bytes
Load all pages :  ok

Operations:
Resize :  ok

Save :  ok

Dest info : F:\PHOTO\#n_figurine.jpg
jpg, 56x51px, 24bpp, 1 page(s), 96.000000x96.000000 dpi, 1024 bytes

=====================================================================

File 19 of 107

RAM free    :    1231.9 of    2047.3 Mb
Virtual free:    1848.0 of    2047.9 Mb
Target free disk space :   84177.9 of  155245.3 Mb
Temp free disk space   :   40837.7 of  100000.0 Mb

Src info : F:\Agatha Christie\gameres\rooms\endhouse_bedroom\images\#n_glass.jng
jng, 26x33px, 32bpp, 1 page(s), 96.000000x96.000000 dpi, 1770 bytes
Load all pages :  ok

Operations:
Resize :  ok

Save :  ok

Dest info : F:\PHOTO\#n_glass.jpg
jpg, 26x33px, 24bpp, 1 page(s), 96.000000x96.000000 dpi, 874 bytes

=====================================================================

File 20 of 107

RAM free    :    1231.9 of    2047.3 Mb
Virtual free:    1848.0 of    2047.9 Mb
Target free disk space :   84177.9 of  155245.3 Mb
Temp free disk space   :   40837.7 of  100000.0 Mb

Src info : F:\Agatha Christie\gameres\rooms\endhouse_bedroom\images\#n_jug.jng
jng, 52x60px, 32bpp, 1 page(s), 96.000000x96.000000 dpi, 3217 bytes
Load all pages :  ok

Operations:
Resize :  ok

Save :  ok

Dest info : F:\PHOTO\#n_jug.jpg
jpg, 52x60px, 24bpp, 1 page(s), 96.000000x96.000000 dpi, 1239 bytes

=====================================================================

File 21 of 107

RAM free    :    1231.9 of    2047.3 Mb
Virtual free:    1848.0 of    2047.9 Mb
Target free disk space :   84177.9 of  155245.3 Mb
Temp free disk space   :   40837.7 of  100000.0 Mb

Src info : F:\Agatha Christie\gameres\rooms\endhouse_bedroom\images\#n_kuvshin.jng
jng, 51x123px, 32bpp, 1 page(s), 96.000000x96.000000 dpi, 5712 bytes
Load all pages :  ok

Operations:
Resize :  ok

Save :  ok

Dest info : F:\PHOTO\#n_kuvshin.jpg
jpg, 51x123px, 24bpp, 1 page(s), 96.000000x96.000000 dpi, 2025 bytes

=====================================================================

File 22 of 107

RAM free    :    1231.9 of    2047.3 Mb
Virtual free:    1848.0 of    2047.9 Mb
Target free disk space :   84177.9 of  155245.3 Mb
Temp free disk space   :   40837.7 of  100000.0 Mb

Src info : F:\Agatha Christie\gameres\rooms\endhouse_bedroom\images\#n_leg.jng
jng, 23x139px, 32bpp, 1 page(s), 96.000000x96.000000 dpi, 2071 bytes
Load all pages :  ok

Operations:
Resize :  ok

Save :  ok

Dest info : F:\PHOTO\#n_leg.jpg
jpg, 23x139px, 24bpp, 1 page(s), 96.000000x96.000000 dpi, 1222 bytes

=====================================================================

File 23 of 107

RAM free    :    1231.9 of    2047.3 Mb
Virtual free:    1848.0 of    2047.9 Mb
Target free disk space :   84177.9 of  155245.3 Mb
Temp free disk space   :   40837.7 of  100000.0 Mb

Src info : F:\Agatha Christie\gameres\rooms\endhouse_bedroom\images\#n_nakl_hedgehog.jng
jng, 65x19px, 32bpp, 1 page(s), 96.000000x96.000000 dpi, 1307 bytes
Load all pages :  ok

Operations:
Resize :  ok

Save :  ok

Dest info : F:\PHOTO\#n_nakl_hedgehog.jpg
jpg, 65x19px, 24bpp, 1 page(s), 96.000000x96.000000 dpi, 691 bytes

=====================================================================

File 24 of 107

RAM free    :    1231.9 of    2047.3 Mb
Virtual free:    1848.0 of    2047.9 Mb
Target free disk space :   84177.9 of  155245.3 Mb
Temp free disk space   :   40837.7 of  100000.0 Mb

Src info : F:\Agatha Christie\gameres\rooms\endhouse_bedroom\images\#n_nakladka1.jng
jng, 48x137px, 32bpp, 1 page(s), 96.000000x96.000000 dpi, 4796 bytes
Load all pages :  ok

Operations:
Resize :  ok

Save :  ok

Dest info : F:\PHOTO\#n_nakladka1.jpg
jpg, 48x137px, 24bpp, 1 page(s), 96.000000x96.000000 dpi, 2034 bytes

=====================================================================

File 25 of 107

RAM free    :    1232.2 of    2047.3 Mb
Virtual free:    1848.0 of    2047.9 Mb
Target free disk space :   84177.9 of  155245.3 Mb
Temp free disk space   :   40837.7 of  100000.0 Mb

Src info : F:\Agatha Christie\gameres\rooms\endhouse_bedroom\images\#n_nakladka2.jng
jng, 70x16px, 32bpp, 1 page(s), 96.000000x96.000000 dpi, 1544 bytes
Load all pages :  ok

Operations:
Resize :  ok

Save :  ok

Dest info : F:\PHOTO\#n_nakladka2.jpg
jpg, 70x16px, 24bpp, 1 page(s), 96.000000x96.000000 dpi, 780 bytes

=====================================================================

File 26 of 107

RAM free    :    1232.1 of    2047.3 Mb
Virtual free:    1848.0 of    2047.9 Mb
Target free disk space :   84177.9 of  155245.3 Mb
Temp free disk space   :   40837.7 of  100000.0 Mb

Src info : F:\Agatha Christie\gameres\rooms\endhouse_bedroom\images\#n_peg.jng
jng, 78x71px, 32bpp, 1 page(s), 96.000000x96.000000 dpi, 3283 bytes
Load all pages :  ok

Operations:
Resize :  ok

Save :  ok

Dest info : F:\PHOTO\#n_peg.jpg
jpg, 78x71px, 24bpp, 1 page(s), 96.000000x96.000000 dpi, 1320 bytes

=====================================================================

File 27 of 107

RAM free    :    1231.7 of    2047.3 Mb
Virtual free:    1848.0 of    2047.9 Mb
Target free disk space :   84177.9 of  155245.3 Mb
Temp free disk space   :   40837.7 of  100000.0 Mb

Src info : F:\Agatha Christie\gameres\rooms\endhouse_bedroom\images\#n_pen.jng
jng, 60x41px, 32bpp, 1 page(s), 96.000000x96.000000 dpi, 2463 bytes
Load all pages :  ok

Operations:
Resize :  ok

Save :  ok

Dest info : F:\PHOTO\#n_pen.jpg
jpg, 60x41px, 24bpp, 1 page(s), 96.000000x96.000000 dpi, 779 bytes

=====================================================================

File 28 of 107

RAM free    :    1231.4 of    2047.3 Mb
Virtual free:    1848.0 of    2047.9 Mb
Target free disk space :   84177.9 of  155245.3 Mb
Temp free disk space   :   40837.7 of  100000.0 Mb

Src info : F:\Agatha Christie\gameres\rooms\endhouse_bedroom\images\#n_photo.jng
jng, 76x154px, 32bpp, 1 page(s), 96.000000x96.000000 dpi, 5437 bytes
Load all pages :  ok

Operations:
Resize :  ok

Save :  ok

Dest info : F:\PHOTO\#n_photo.jpg
jpg, 76x154px, 24bpp, 1 page(s), 96.000000x96.000000 dpi, 2215 bytes

=====================================================================

File 29 of 107

RAM free    :    1231.2 of    2047.3 Mb
Virtual free:    1848.0 of    2047.9 Mb
Target free disk space :   84177.9 of  155245.3 Mb
Temp free disk space   :   40837.7 of  100000.0 Mb

Src info : F:\Agatha Christie\gameres\rooms\endhouse_bedroom\images\#n_photography.jng
jng, 61x66px, 32bpp, 1 page(s), 96.000000x96.000000 dpi, 3544 bytes
Load all pages :  ok

Operations:
Resize :  ok

Save :  ok

Dest info : F:\PHOTO\#n_photography.jpg
jpg, 61x66px, 24bpp, 1 page(s), 96.000000x96.000000 dpi, 1355 bytes

=====================================================================

File 30 of 107

RAM free    :    1231.6 of    2047.3 Mb
Virtual free:    1848.0 of    2047.9 Mb
Target free disk space :   84177.9 of  155245.3 Mb
Temp free disk space   :   40837.7 of  100000.0 Mb

Src info : F:\Agatha Christie\gameres\rooms\endhouse_bedroom\images\#n_plate.jng
jng, 62x35px, 32bpp, 1 page(s), 96.000000x96.000000 dpi, 2316 bytes
Load all pages :  ok

Operations:
Resize :  ok

Save :  ok

Dest info : F:\PHOTO\#n_plate.jpg
jpg, 62x35px, 24bpp, 1 page(s), 96.000000x96.000000 dpi, 969 bytes

=====================================================================

File 31 of 107

RAM free    :    1231.0 of    2047.3 Mb
Virtual free:    1848.0 of    2047.9 Mb
Target free disk space :   84177.9 of  155245.3 Mb
Temp free disk space   :   40837.7 of  100000.0 Mb

Src info : F:\Agatha Christie\gameres\rooms\endhouse_bedroom\images\#n_plate_statuette.jng
jng, 59x77px, 32bpp, 1 page(s), 96.000000x96.000000 dpi, 3990 bytes
Load all pages :  ok

Operations:
Resize :  ok

Save :  ok

Dest info : F:\PHOTO\#n_plate_statuette.jpg
jpg, 59x77px, 24bpp, 1 page(s), 96.000000x96.000000 dpi, 1789 bytes

=====================================================================

File 32 of 107

RAM free    :    1231.1 of    2047.3 Mb
Virtual free:    1848.0 of    2047.9 Mb
Target free disk space :   84177.8 of  155245.3 Mb
Temp free disk space   :   40837.7 of  100000.0 Mb

Src info : F:\Agatha Christie\gameres\rooms\endhouse_bedroom\images\#n_sewing.jng
jng, 24x27px, 32bpp, 1 page(s), 96.000000x96.000000 dpi, 1278 bytes
Load all pages :  ok

Operations:
Resize :  ok

Save :  ok

Dest info : F:\PHOTO\#n_sewing.jpg
jpg, 24x27px, 24bpp, 1 page(s), 96.000000x96.000000 dpi, 641 bytes

=====================================================================

File 33 of 107

RAM free    :    1231.6 of    2047.3 Mb
Virtual free:    1848.0 of    2047.9 Mb
Target free disk space :   84177.8 of  155245.3 Mb
Temp free disk space   :   40837.7 of  100000.0 Mb

Src info : F:\Agatha Christie\gameres\rooms\endhouse_bedroom\images\#n_spectacles.jng
jng, 69x55px, 32bpp, 1 page(s), 96.000000x96.000000 dpi, 4571 bytes
Load all pages :  ok

Operations:
Resize :  ok

Save :  ok

Dest info : F:\PHOTO\#n_spectacles.jpg
jpg, 69x55px, 24bpp, 1 page(s), 96.000000x96.000000 dpi, 1492 bytes

=====================================================================

File 34 of 107

RAM free    :    1231.0 of    2047.3 Mb
Virtual free:    1848.0 of    2047.9 Mb
Target free disk space :   84177.8 of  155245.3 Mb
Temp free disk space   :   40837.7 of  100000.0 Mb

Src info : F:\Agatha Christie\gameres\rooms\endhouse_bedroom\images\#n_statuette.jng
jng, 70x83px, 32bpp, 1 page(s), 96.000000x96.000000 dpi, 5731 bytes
Load all pages :  ok

Operations:
Resize :  ok

Save :  ok

Dest info : F:\PHOTO\#n_statuette.jpg
jpg, 70x83px, 24bpp, 1 page(s), 96.000000x96.000000 dpi, 2319 bytes

=====================================================================

File 35 of 107

RAM free    :    1231.0 of    2047.3 Mb
Virtual free:    1848.0 of    2047.9 Mb
Target free disk space :   84177.8 of  155245.3 Mb
Temp free disk space   :   40837.7 of  100000.0 Mb

Src info : F:\Agatha Christie\gameres\rooms\endhouse_bedroom\images\#n_strap.jng
jng, 121x61px, 32bpp, 1 page(s), 96.000000x96.000000 dpi, 5696 bytes
Load all pages :  ok

Operations:
Resize :  ok

Save :  ok

Dest info : F:\PHOTO\#n_strap.jpg
jpg, 121x61px, 24bpp, 1 page(s), 96.000000x96.000000 dpi, 2083 bytes

=====================================================================

File 36 of 107

RAM free    :    1230.9 of    2047.3 Mb
Virtual free:    1848.0 of    2047.9 Mb
Target free disk space :   84177.8 of  155245.3 Mb
Temp free disk space   :   40837.7 of  100000.0 Mb

Src info : F:\Agatha Christie\gameres\rooms\endhouse_bedroom\images\#s_airplane.jng
jng, 22x12px, 32bpp, 1 page(s), 96.000000x96.000000 dpi, 756 bytes
Load all pages :  ok

Operations:
Resize :  ok

Save :  ok

Dest info : F:\PHOTO\#s_airplane.jpg
jpg, 22x12px, 24bpp, 1 page(s), 96.000000x96.000000 dpi, 459 bytes

=====================================================================

File 37 of 107

RAM free    :    1231.0 of    2047.3 Mb
Virtual free:    1848.0 of    2047.9 Mb
Target free disk space :   84177.8 of  155245.3 Mb
Temp free disk space   :   40837.7 of  100000.0 Mb

Src info : F:\Agatha Christie\gameres\rooms\endhouse_bedroom\images\#s_ananas.jng
jng, 86x43px, 32bpp, 1 page(s), 96.000000x96.000000 dpi, 3949 bytes
Load all pages :  ok

Operations:
Resize :  ok

Save :  ok

Dest info : F:\PHOTO\#s_ananas.jpg
jpg, 86x43px, 24bpp, 1 page(s), 96.000000x96.000000 dpi, 1109 bytes

=====================================================================

File 38 of 107

RAM free    :    1230.9 of    2047.3 Mb
Virtual free:    1848.0 of    2047.9 Mb
Target free disk space :   84177.8 of  155245.3 Mb
Temp free disk space   :   40837.7 of  100000.0 Mb

Src info : F:\Agatha Christie\gameres\rooms\endhouse_bedroom\images\#s_apple2.jng
jng, 79x6px, 32bpp, 1 page(s), 96.000000x96.000000 dpi, 827 bytes
Load all pages :  ok

Operations:
Resize :  ok

Save :  ok

Dest info : F:\PHOTO\#s_apple2.jpg
jpg, 79x6px, 24bpp, 1 page(s), 96.000000x96.000000 dpi, 450 bytes

=====================================================================

File 39 of 107

RAM free    :    1230.9 of    2047.3 Mb
Virtual free:    1848.0 of    2047.9 Mb
Target free disk space :   84177.8 of  155245.3 Mb
Temp free disk space   :   40837.7 of  100000.0 Mb

Src info : F:\Agatha Christie\gameres\rooms\endhouse_bedroom\images\#s_apple03.jng
jng, 37x9px, 32bpp, 1 page(s), 96.000000x96.000000 dpi, 1029 bytes
Load all pages :  ok

Operations:
Resize :  ok

Save :  ok

Dest info : F:\PHOTO\#s_apple03.jpg
jpg, 37x9px, 24bpp, 1 page(s), 96.000000x96.000000 dpi, 465 bytes

=====================================================================

File 40 of 107

RAM free    :    1231.0 of    2047.3 Mb
Virtual free:    1848.0 of    2047.9 Mb
Target free disk space :   84177.8 of  155245.3 Mb
Temp free disk space   :   40837.7 of  100000.0 Mb

Src info : F:\Agatha Christie\gameres\rooms\endhouse_bedroom\images\#s_broom.jng
jng, 105x215px, 32bpp, 1 page(s), 96.000000x96.000000 dpi, 6095 bytes
Load all pages :  ok

Operations:
Resize :  ok

Save :  ok

Dest info : F:\PHOTO\#s_broom.jpg
jpg, 105x215px, 24bpp, 1 page(s), 96.000000x96.000000 dpi, 1579 bytes

=====================================================================

File 41 of 107

RAM free    :    1231.3 of    2047.3 Mb
Virtual free:    1848.0 of    2047.9 Mb
Target free disk space :   84177.8 of  155245.3 Mb
Temp free disk space   :   40837.7 of  100000.0 Mb

Src info : F:\Agatha Christie\gameres\rooms\endhouse_bedroom\images\#s_butterfly.jng
jng, 32x28px, 32bpp, 1 page(s), 96.000000x96.000000 dpi, 1179 bytes
Load all pages :  ok

Operations:
Resize :  ok

Save :  ok

Dest info : F:\PHOTO\#s_butterfly.jpg
jpg, 32x28px, 24bpp, 1 page(s), 96.000000x96.000000 dpi, 513 bytes

=====================================================================

File 42 of 107

RAM free    :    1231.1 of    2047.3 Mb
Virtual free:    1848.0 of    2047.9 Mb
Target free disk space :   84177.8 of  155245.3 Mb
Temp free disk space   :   40837.7 of  100000.0 Mb

Src info : F:\Agatha Christie\gameres\rooms\endhouse_bedroom\images\#s_butterfly02.jng
jng, 35x25px, 32bpp, 1 page(s), 96.000000x96.000000 dpi, 1384 bytes
Load all pages :  ok

Operations:
Resize :  ok

Save :  ok

Dest info : F:\PHOTO\#s_butterfly02.jpg
jpg, 35x25px, 24bpp, 1 page(s), 96.000000x96.000000 dpi, 584 bytes

=====================================================================

File 43 of 107

RAM free    :    1231.2 of    2047.3 Mb
Virtual free:    1848.0 of    2047.9 Mb
Target free disk space :   84177.8 of  155245.3 Mb
Temp free disk space   :   40837.7 of  100000.0 Mb

Src info : F:\Agatha Christie\gameres\rooms\endhouse_bedroom\images\#s_cake.jng
jng, 36x17px, 32bpp, 1 page(s), 96.000000x96.000000 dpi, 1241 bytes
Load all pages :  ok

Operations:
Resize :  ok

Save :  ok

Dest info : F:\PHOTO\#s_cake.jpg
jpg, 36x17px, 24bpp, 1 page(s), 96.000000x96.000000 dpi, 552 bytes

=====================================================================

File 44 of 107

RAM free    :    1231.3 of    2047.3 Mb
Virtual free:    1848.0 of    2047.9 Mb
Target free disk space :   84177.8 of  155245.3 Mb
Temp free disk space   :   40837.7 of  100000.0 Mb

Src info : F:\Agatha Christie\gameres\rooms\endhouse_bedroom\images\#s_cigarette_holder.jng
jng, 17x15px, 32bpp, 1 page(s), 96.000000x96.000000 dpi, 770 bytes
Load all pages :  ok

Operations:
Resize :  ok

Save :  ok

Dest info : F:\PHOTO\#s_cigarette_holder.jpg
jpg, 17x15px, 24bpp, 1 page(s), 96.000000x96.000000 dpi, 421 bytes

=====================================================================

File 45 of 107

RAM free    :    1231.4 of    2047.3 Mb
Virtual free:    1848.0 of    2047.9 Mb
Target free disk space :   84177.8 of  155245.3 Mb
Temp free disk space   :   40837.7 of  100000.0 Mb

Src info : F:\Agatha Christie\gameres\rooms\endhouse_bedroom\images\#s_dice.jng
jng, 31x7px, 32bpp, 1 page(s), 96.000000x96.000000 dpi, 809 bytes
Load all pages :  ok

Operations:
Resize :  ok

Save :  ok

Dest info : F:\PHOTO\#s_dice.jpg
jpg, 31x7px, 24bpp, 1 page(s), 96.000000x96.000000 dpi, 434 bytes

=====================================================================

File 46 of 107

RAM free    :    1231.4 of    2047.3 Mb
Virtual free:    1848.0 of    2047.9 Mb
Target free disk space :   84177.8 of  155245.3 Mb
Temp free disk space   :   40837.7 of  100000.0 Mb

Src info : F:\Agatha Christie\gameres\rooms\endhouse_bedroom\images\#s_eagle.jng
jng, 35x41px, 32bpp, 1 page(s), 96.000000x96.000000 dpi, 1178 bytes
Load all pages :  ok

Operations:
Resize :  ok

Save :  ok

Dest info : F:\PHOTO\#s_eagle.jpg
jpg, 35x41px, 24bpp, 1 page(s), 96.000000x96.000000 dpi, 556 bytes

=====================================================================

File 47 of 107

RAM free    :    1230.8 of    2047.3 Mb
Virtual free:    1848.0 of    2047.9 Mb
Target free disk space :   84177.8 of  155245.3 Mb
Temp free disk space   :   40837.7 of  100000.0 Mb

Src info : F:\Agatha Christie\gameres\rooms\endhouse_bedroom\images\#s_frog.jng
jng, 37x49px, 32bpp, 1 page(s), 96.000000x96.000000 dpi, 1503 bytes
Load all pages :  ok

Operations:
Resize :  ok

Save :  ok

Dest info : F:\PHOTO\#s_frog.jpg
jpg, 37x49px, 24bpp, 1 page(s), 96.000000x96.000000 dpi, 857 bytes

=====================================================================

File 48 of 107

RAM free    :    1230.8 of    2047.3 Mb
Virtual free:    1848.0 of    2047.9 Mb
Target free disk space :   84177.8 of  155245.3 Mb
Temp free disk space   :   40837.7 of  100000.0 Mb

Src info : F:\Agatha Christie\gameres\rooms\endhouse_bedroom\images\#s_frog02.jng
jng, 50x24px, 32bpp, 1 page(s), 96.000000x96.000000 dpi, 1575 bytes
Load all pages :  ok

Operations:
Resize :  ok

Save :  ok

Dest info : F:\PHOTO\#s_frog02.jpg
jpg, 50x24px, 24bpp, 1 page(s), 96.000000x96.000000 dpi, 570 bytes

=====================================================================

File 49 of 107

RAM free    :    1231.0 of    2047.3 Mb
Virtual free:    1848.0 of    2047.9 Mb
Target free disk space :   84177.8 of  155245.3 Mb
Temp free disk space   :   40837.7 of  100000.0 Mb

Src info : F:\Agatha Christie\gameres\rooms\endhouse_bedroom\images\#s_glass.jng
jng, 32x12px, 32bpp, 1 page(s), 96.000000x96.000000 dpi, 1189 bytes
Load all pages :  ok

Operations:
Resize :  ok

Save :  ok

Dest info : F:\PHOTO\#s_glass.jpg
jpg, 32x12px, 24bpp, 1 page(s), 96.000000x96.000000 dpi, 541 bytes

=====================================================================

File 50 of 107

RAM free    :    1230.9 of    2047.3 Mb
Virtual free:    1848.0 of    2047.9 Mb
Target free disk space :   84177.8 of  155245.3 Mb
Temp free disk space   :   40837.7 of  100000.0 Mb

Src info : F:\Agatha Christie\gameres\rooms\endhouse_bedroom\images\#s_glass2.jng
jng, 38x14px, 32bpp, 1 page(s), 96.000000x96.000000 dpi, 1204 bytes
Load all pages :  ok

Operations:
Resize :  ok

Save :  ok

Dest info : F:\PHOTO\#s_glass2.jpg
jpg, 38x14px, 24bpp, 1 page(s), 96.000000x96.000000 dpi, 499 bytes

=====================================================================

File 51 of 107

RAM free    :    1231.1 of    2047.3 Mb
Virtual free:    1848.0 of    2047.9 Mb
Target free disk space :   84177.8 of  155245.3 Mb
Temp free disk space   :   40837.7 of  100000.0 Mb

Src info : F:\Agatha Christie\gameres\rooms\endhouse_bedroom\images\#s_hedgehog.jng
jng, 81x70px, 32bpp, 1 page(s), 96.000000x96.000000 dpi, 3565 bytes
Load all pages :  ok

Operations:
Resize :  ok

Save :  ok

Dest info : F:\PHOTO\#s_hedgehog.jpg
jpg, 81x70px, 24bpp, 1 page(s), 96.000000x96.000000 dpi, 1299 bytes

=====================================================================

File 52 of 107

RAM free    :    1230.9 of    2047.3 Mb
Virtual free:    1848.0 of    2047.9 Mb
Target free disk space :   84177.8 of  155245.3 Mb
Temp free disk space   :   40837.7 of  100000.0 Mb

Src info : F:\Agatha Christie\gameres\rooms\endhouse_bedroom\images\#s_horn.jng
jng, 61x32px, 32bpp, 1 page(s), 96.000000x96.000000 dpi, 1615 bytes
Load all pages :  ok

Operations:
Resize :  ok

Save :  ok

Dest info : F:\PHOTO\#s_horn.jpg
jpg, 61x32px, 24bpp, 1 page(s), 96.000000x96.000000 dpi, 733 bytes

=====================================================================

File 53 of 107

RAM free    :    1230.8 of    2047.3 Mb
Virtual free:    1848.0 of    2047.9 Mb
Target free disk space :   84177.8 of  155245.3 Mb
Temp free disk space   :   40837.7 of  100000.0 Mb

Src info : F:\Agatha Christie\gameres\rooms\endhouse_bedroom\images\#s_kuvshin.jng
jng, 114x55px, 32bpp, 1 page(s), 96.000000x96.000000 dpi, 5746 bytes
Load all pages :  ok

Operations:
Resize :  ok

Save :  ok

Dest info : F:\PHOTO\#s_kuvshin.jpg
jpg, 114x55px, 24bpp, 1 page(s), 96.000000x96.000000 dpi, 1371 bytes

=====================================================================

File 54 of 107

RAM free    :    1230.7 of    2047.3 Mb
Virtual free:    1848.0 of    2047.9 Mb
Target free disk space :   84177.8 of  155245.3 Mb
Temp free disk space   :   40837.7 of  100000.0 Mb

Src info : F:\Agatha Christie\gameres\rooms\endhouse_bedroom\images\#s_leaf.jng
jng, 33x28px, 32bpp, 1 page(s), 96.000000x96.000000 dpi, 1170 bytes
Load all pages :  ok

Operations:
Resize :  ok

Save :  ok

Dest info : F:\PHOTO\#s_leaf.jpg
jpg, 33x28px, 24bpp, 1 page(s), 96.000000x96.000000 dpi, 629 bytes

=====================================================================

File 55 of 107

RAM free    :    1230.8 of    2047.3 Mb
Virtual free:    1848.0 of    2047.9 Mb
Target free disk space :   84177.8 of  155245.3 Mb
Temp free disk space   :   40837.7 of  100000.0 Mb

Src info : F:\Agatha Christie\gameres\rooms\endhouse_bedroom\images\#s_letters.jng
jng, 57x26px, 32bpp, 1 page(s), 96.000000x96.000000 dpi, 1260 bytes
Load all pages :  ok

Operations:
Resize :  ok

Save :  ok

Dest info : F:\PHOTO\#s_letters.jpg
jpg, 57x26px, 24bpp, 1 page(s), 96.000000x96.000000 dpi, 682 bytes

=====================================================================

File 56 of 107

RAM free    :    1230.9 of    2047.3 Mb
Virtual free:    1848.0 of    2047.9 Mb
Target free disk space :   84177.8 of  155245.3 Mb
Temp free disk space   :   40837.7 of  100000.0 Mb

Src info : F:\Agatha Christie\gameres\rooms\endhouse_bedroom\images\#s_lizard.jng
jng, 43x111px, 32bpp, 1 page(s), 96.000000x96.000000 dpi, 2835 bytes
Load all pages :  ok

Operations:
Resize :  ok

Save :  ok

Dest info : F:\PHOTO\#s_lizard.jpg
jpg, 43x111px, 24bpp, 1 page(s), 96.000000x96.000000 dpi, 998 bytes

=====================================================================

File 57 of 107

RAM free    :    1230.8 of    2047.3 Mb
Virtual free:    1848.0 of    2047.9 Mb
Target free disk space :   84177.8 of  155245.3 Mb
Temp free disk space   :   40837.7 of  100000.0 Mb

Src info : F:\Agatha Christie\gameres\rooms\endhouse_bedroom\images\#s_nakladka1.jng
jng, 22x124px, 32bpp, 1 page(s), 96.000000x96.000000 dpi, 2020 bytes
Load all pages :  ok

Operations:
Resize :  ok

Save :  ok

Dest info : F:\PHOTO\#s_nakladka1.jpg
jpg, 22x124px, 24bpp, 1 page(s), 96.000000x96.000000 dpi, 788 bytes

=====================================================================

File 58 of 107

RAM free    :    1230.9 of    2047.3 Mb
Virtual free:    1848.0 of    2047.9 Mb
Target free disk space :   84177.8 of  155245.3 Mb
Temp free disk space   :   40837.7 of  100000.0 Mb

Src info : F:\Agatha Christie\gameres\rooms\endhouse_bedroom\images\#s_orange.jng
jng, 20x19px, 32bpp, 1 page(s), 96.000000x96.000000 dpi, 856 bytes
Load all pages :  ok

Operations:
Resize :  ok

Save :  ok

Dest info : F:\PHOTO\#s_orange.jpg
jpg, 20x19px, 24bpp, 1 page(s), 96.000000x96.000000 dpi, 453 bytes

=====================================================================

File 59 of 107

RAM free    :    1230.8 of    2047.3 Mb
Virtual free:    1848.0 of    2047.9 Mb
Target free disk space :   84177.8 of  155245.3 Mb
Temp free disk space   :   40837.7 of  100000.0 Mb

Src info : F:\Agatha Christie\gameres\rooms\endhouse_bedroom\images\#s_pencil.jng
jng, 43x59px, 32bpp, 1 page(s), 96.000000x96.000000 dpi, 1123 bytes
Load all pages :  ok

Operations:
Resize :  ok

Save :  ok

Dest info : F:\PHOTO\#s_pencil.jpg
jpg, 43x59px, 24bpp, 1 page(s), 96.000000x96.000000 dpi, 597 bytes

=====================================================================

File 60 of 107

RAM free    :    1230.6 of    2047.3 Mb
Virtual free:    1848.0 of    2047.9 Mb
Target free disk space :   84177.8 of  155245.3 Mb
Temp free disk space   :   40837.7 of  100000.0 Mb

Src info : F:\Agatha Christie\gameres\rooms\endhouse_bedroom\images\#s_piano.jng
jng, 95x26px, 32bpp, 1 page(s), 96.000000x96.000000 dpi, 2400 bytes
Load all pages :  ok

Operations:
Resize :  ok

Save :  ok

Dest info : F:\PHOTO\#s_piano.jpg
jpg, 95x26px, 24bpp, 1 page(s), 96.000000x96.000000 dpi, 839 bytes

=====================================================================

File 61 of 107

RAM free    :    1230.9 of    2047.3 Mb
Virtual free:    1848.0 of    2047.9 Mb
Target free disk space :   84177.8 of  155245.3 Mb
Temp free disk space   :   40837.7 of  100000.0 Mb

Src info : F:\Agatha Christie\gameres\rooms\endhouse_bedroom\images\#s_plume02.jng
jng, 40x35px, 32bpp, 1 page(s), 96.000000x96.000000 dpi, 1310 bytes
Load all pages :  ok

Operations:
Resize :  ok

Save :  ok

Dest info : F:\PHOTO\#s_plume02.jpg
jpg, 40x35px, 24bpp, 1 page(s), 96.000000x96.000000 dpi, 521 bytes

=====================================================================

File 62 of 107

RAM free    :    1230.7 of    2047.3 Mb
Virtual free:    1848.0 of    2047.9 Mb
Target free disk space :   84177.8 of  155245.3 Mb
Temp free disk space   :   40837.7 of  100000.0 Mb

Src info : F:\Agatha Christie\gameres\rooms\endhouse_bedroom\images\#s_skull.jng
jng, 41x18px, 32bpp, 1 page(s), 96.000000x96.000000 dpi, 1122 bytes
Load all pages :  ok

Operations:
Resize :  ok

Save :  ok

Dest info : F:\PHOTO\#s_skull.jpg
jpg, 41x18px, 24bpp, 1 page(s), 96.000000x96.000000 dpi, 523 bytes

=====================================================================

File 63 of 107

RAM free    :    1230.1 of    2047.3 Mb
Virtual free:    1848.0 of    2047.9 Mb
Target free disk space :   84177.8 of  155245.3 Mb
Temp free disk space   :   40837.7 of  100000.0 Mb

Src info : F:\Agatha Christie\gameres\rooms\endhouse_bedroom\images\#s_spider.jng
jng, 20x22px, 32bpp, 1 page(s), 96.000000x96.000000 dpi, 1006 bytes
Load all pages :  ok

Operations:
Resize :  ok

Save :  ok

Dest info : F:\PHOTO\#s_spider.jpg
jpg, 20x22px, 24bpp, 1 page(s), 96.000000x96.000000 dpi, 447 bytes

=====================================================================

File 64 of 107

RAM free    :    1230.2 of    2047.3 Mb
Virtual free:    1848.0 of    2047.9 Mb
Target free disk space :   84177.8 of  155245.3 Mb
Temp free disk space   :   40837.7 of  100000.0 Mb

Src info : F:\Agatha Christie\gameres\rooms\endhouse_bedroom\images\airplane.jng
jng, 34x17px, 32bpp, 1 page(s), 96.000000x96.000000 dpi, 1530 bytes
Load all pages :  ok

Operations:
Resize :  ok

Save :  ok

Dest info : F:\PHOTO\airplane.jpg
jpg, 34x17px, 24bpp, 1 page(s), 96.000000x96.000000 dpi, 641 bytes

=====================================================================

File 65 of 107

RAM free    :    1230.2 of    2047.3 Mb
Virtual free:    1848.0 of    2047.9 Mb
Target free disk space :   84177.8 of  155245.3 Mb
Temp free disk space   :   40837.7 of  100000.0 Mb

Src info : F:\Agatha Christie\gameres\rooms\endhouse_bedroom\images\ananas.jng
jng, 65x133px, 32bpp, 1 page(s), 96.000000x96.000000 dpi, 7732 bytes
Load all pages :  ok

Operations:
Resize :  ok

Save :  ok

Dest info : F:\PHOTO\ananas.jpg
jpg, 65x133px, 24bpp, 1 page(s), 96.000000x96.000000 dpi, 3130 bytes

=====================================================================

File 66 of 107

RAM free    :    1230.2 of    2047.3 Mb
Virtual free:    1848.0 of    2047.9 Mb
Target free disk space :   84177.7 of  155245.3 Mb
Temp free disk space   :   40837.7 of  100000.0 Mb

Src info : F:\Agatha Christie\gameres\rooms\endhouse_bedroom\images\apple.jng
jng, 23x23px, 32bpp, 1 page(s), 96.000000x96.000000 dpi, 1229 bytes
Load all pages :  ok

Operations:
Resize :  ok

Save :  ok

Dest info : F:\PHOTO\apple.jpg
jpg, 23x23px, 24bpp, 1 page(s), 96.000000x96.000000 dpi, 629 bytes

=====================================================================

File 67 of 107

RAM free    :    1230.2 of    2047.3 Mb
Virtual free:    1848.0 of    2047.9 Mb
Target free disk space :   84177.7 of  155245.3 Mb
Temp free disk space   :   40837.7 of  100000.0 Mb

Src info : F:\Agatha Christie\gameres\rooms\endhouse_bedroom\images\apple2.jng
jng, 23x22px, 32bpp, 1 page(s), 96.000000x96.000000 dpi, 1370 bytes
Load all pages :  ok

Operations:
Resize :  ok

Save :  ok

Dest info : F:\PHOTO\apple2.jpg
jpg, 23x22px, 24bpp, 1 page(s), 96.000000x96.000000 dpi, 624 bytes

=====================================================================

File 68 of 107

RAM free    :    1230.1 of    2047.3 Mb
Virtual free:    1848.0 of    2047.9 Mb
Target free disk space :   84177.7 of  155245.3 Mb
Temp free disk space   :   40837.7 of  100000.0 Mb

Src info : F:\Agatha Christie\gameres\rooms\endhouse_bedroom\images\apple03.jng
jng, 25x11px, 32bpp, 1 page(s), 96.000000x96.000000 dpi, 1091 bytes
Load all pages :  ok

Operations:
Resize :  ok

Save :  ok

Dest info : F:\PHOTO\apple03.jpg
jpg, 25x11px, 24bpp, 1 page(s), 96.000000x96.000000 dpi, 555 bytes

=====================================================================

File 69 of 107

RAM free    :    1230.2 of    2047.3 Mb
Virtual free:    1848.0 of    2047.9 Mb
Target free disk space :   84177.7 of  155245.3 Mb
Temp free disk space   :   40837.7 of  100000.0 Mb

Src info : F:\Agatha Christie\gameres\rooms\endhouse_bedroom\images\bluebird.jng
jng, 252x252px, 32bpp, 1 page(s), 96.000000x96.000000 dpi, 30776 bytes
Load all pages :  ok

Operations:
Resize :  ok

Save :  ok

Dest info : F:\PHOTO\bluebird.jpg
jpg, 252x252px, 24bpp, 1 page(s), 96.000000x96.000000 dpi, 12032 bytes

=====================================================================

File 70 of 107

RAM free    :    1230.7 of    2047.3 Mb
Virtual free:    1848.0 of    2047.9 Mb
Target free disk space :   84177.7 of  155245.3 Mb
Temp free disk space   :   40837.7 of  100000.0 Mb

Src info : F:\Agatha Christie\gameres\rooms\endhouse_bedroom\images\butterfly.jng
jng, 21x19px, 32bpp, 1 page(s), 96.000000x96.000000 dpi, 870 bytes
Load all pages :  ok

Operations:
Resize :  ok

Save :  ok

Dest info : F:\PHOTO\butterfly.jpg
jpg, 21x19px, 24bpp, 1 page(s), 96.000000x96.000000 dpi, 557 bytes

=====================================================================

File 71 of 107

RAM free    :    1229.6 of    2047.3 Mb
Virtual free:    1848.0 of    2047.9 Mb
Target free disk space :   84177.7 of  155245.3 Mb
Temp free disk space   :   40837.7 of  100000.0 Mb

Src info : F:\Agatha Christie\gameres\rooms\endhouse_bedroom\images\butterfly02.jng
jng, 35x25px, 32bpp, 1 page(s), 96.000000x96.000000 dpi, 1850 bytes
Load all pages :  ok

Operations:
Resize :  ok

Save :  ok

Dest info : F:\PHOTO\butterfly02.jpg
jpg, 35x25px, 24bpp, 1 page(s), 96.000000x96.000000 dpi, 898 bytes

=====================================================================

File 72 of 107

RAM free    :    1230.2 of    2047.3 Mb
Virtual free:    1848.0 of    2047.9 Mb
Target free disk space :   84177.7 of  155245.3 Mb
Temp free disk space   :   40837.7 of  100000.0 Mb

Src info : F:\Agatha Christie\gameres\rooms\endhouse_bedroom\images\butterfly03.jng
jng, 26x23px, 32bpp, 1 page(s), 96.000000x96.000000 dpi, 1525 bytes
Load all pages :  ok

Operations:
Resize :  ok

Save :  ok

Dest info : F:\PHOTO\butterfly03.jpg
jpg, 26x23px, 24bpp, 1 page(s), 96.000000x96.000000 dpi, 665 bytes

=====================================================================

File 73 of 107

RAM free    :    1229.7 of    2047.3 Mb
Virtual free:    1848.0 of    2047.9 Mb
Target free disk space :   84177.7 of  155245.3 Mb
Temp free disk space   :   40837.7 of  100000.0 Mb

Src info : F:\Agatha Christie\gameres\rooms\endhouse_bedroom\images\cake.jng
jng, 39x23px, 32bpp, 1 page(s), 96.000000x96.000000 dpi, 1445 bytes
Load all pages :  ok

Operations:
Resize :  ok

Save :  ok

Dest info : F:\PHOTO\cake.jpg
jpg, 39x23px, 24bpp, 1 page(s), 96.000000x96.000000 dpi, 673 bytes

=====================================================================

File 74 of 107

RAM free    :    1229.7 of    2047.3 Mb
Virtual free:    1848.0 of    2047.9 Mb
Target free disk space :   84177.7 of  155245.3 Mb
Temp free disk space   :   40837.7 of  100000.0 Mb

Src info : F:\Agatha Christie\gameres\rooms\endhouse_bedroom\images\cigarette_holder.jng
jng, 32x13px, 32bpp, 1 page(s), 96.000000x96.000000 dpi, 1116 bytes
Load all pages :  ok

Operations:
Resize :  ok

Save :  ok

Dest info : F:\PHOTO\cigarette_holder.jpg
jpg, 32x13px, 24bpp, 1 page(s), 96.000000x96.000000 dpi, 557 bytes

=====================================================================

File 75 of 107

RAM free    :    1229.6 of    2047.3 Mb
Virtual free:    1848.0 of    2047.9 Mb
Target free disk space :   84177.7 of  155245.3 Mb
Temp free disk space   :   40837.7 of  100000.0 Mb

Src info : F:\Agatha Christie\gameres\rooms\endhouse_bedroom\images\dice.jng
jng, 29x17px, 32bpp, 1 page(s), 96.000000x96.000000 dpi, 1199 bytes
Load all pages :  ok

Operations:
Resize :  ok

Save :  ok

Dest info : F:\PHOTO\dice.jpg
jpg, 29x17px, 24bpp, 1 page(s), 96.000000x96.000000 dpi, 626 bytes

=====================================================================

File 76 of 107

RAM free    :    1229.6 of    2047.3 Mb
Virtual free:    1848.0 of    2047.9 Mb
Target free disk space :   84177.7 of  155245.3 Mb
Temp free disk space   :   40837.7 of  100000.0 Mb

Src info : F:\Agatha Christie\gameres\rooms\endhouse_bedroom\images\dog.jng
jng, 32x45px, 32bpp, 1 page(s), 96.000000x96.000000 dpi, 1516 bytes
Load all pages :  ok

Operations:
Resize :  ok

Save :  ok

Dest info : F:\PHOTO\dog.jpg
jpg, 32x45px, 24bpp, 1 page(s), 96.000000x96.000000 dpi, 798 bytes

=====================================================================

File 77 of 107

RAM free    :    1229.6 of    2047.3 Mb
Virtual free:    1848.0 of    2047.9 Mb
Target free disk space :   84177.7 of  155245.3 Mb
Temp free disk space   :   40837.7 of  100000.0 Mb

Src info : F:\Agatha Christie\gameres\rooms\endhouse_bedroom\images\dolphin.jng
jng, 20x30px, 32bpp, 1 page(s), 96.000000x96.000000 dpi, 1312 bytes
Load all pages :  ok

Operations:
Resize :  ok

Save :  ok

Dest info : F:\PHOTO\dolphin.jpg
jpg, 20x30px, 24bpp, 1 page(s), 96.000000x96.000000 dpi, 566 bytes

=====================================================================

File 78 of 107

RAM free    :    1229.7 of    2047.3 Mb
Virtual free:    1848.0 of    2047.9 Mb
Target free disk space :   84177.7 of  155245.3 Mb
Temp free disk space   :   40837.7 of  100000.0 Mb

Src info : F:\Agatha Christie\gameres\rooms\endhouse_bedroom\images\dragon.jng
jng, 105x83px, 32bpp, 1 page(s), 96.000000x96.000000 dpi, 6050 bytes
Load all pages :  ok

Operations:
Resize :  ok

Save :  ok

Dest info : F:\PHOTO\dragon.jpg
jpg, 105x83px, 24bpp, 1 page(s), 96.000000x96.000000 dpi, 2326 bytes

=====================================================================

File 79 of 107

RAM free    :    1230.9 of    2047.3 Mb
Virtual free:    1848.0 of    2047.9 Mb
Target free disk space :   84177.7 of  155245.3 Mb
Temp free disk space   :   40837.7 of  100000.0 Mb

Src info : F:\Agatha Christie\gameres\rooms\endhouse_bedroom\images\dragonfly.jng
jng, 39x54px, 32bpp, 1 page(s), 96.000000x96.000000 dpi, 2766 bytes
Load all pages :  ok

Operations:
Resize :  ok

Save :  ok

Dest info : F:\PHOTO\dragonfly.jpg
jpg, 39x54px, 24bpp, 1 page(s), 96.000000x96.000000 dpi, 964 bytes

=====================================================================

File 80 of 107

RAM free    :    1231.1 of    2047.3 Mb
Virtual free:    1848.0 of    2047.9 Mb
Target free disk space :   84177.7 of  155245.3 Mb
Temp free disk space   :   40837.7 of  100000.0 Mb

Src info : F:\Agatha Christie\gameres\rooms\endhouse_bedroom\images\duck.jng
jng, 41x23px, 32bpp, 1 page(s), 96.000000x96.000000 dpi, 1384 bytes
Load all pages :  ok

Operations:
Resize :  ok

Save :  ok

Dest info : F:\PHOTO\duck.jpg
jpg, 41x23px, 24bpp, 1 page(s), 96.000000x96.000000 dpi, 760 bytes

=====================================================================

File 81 of 107

RAM free    :    1230.7 of    2047.3 Mb
Virtual free:    1848.0 of    2047.9 Mb
Target free disk space :   84177.7 of  155245.3 Mb
Temp free disk space   :   40837.7 of  100000.0 Mb

Src info : F:\Agatha Christie\gameres\rooms\endhouse_bedroom\images\eagle.jng
jng, 36x41px, 32bpp, 1 page(s), 96.000000x96.000000 dpi, 2076 bytes
Load all pages :  ok

Operations:
Resize :  ok

Save :  ok

Dest info : F:\PHOTO\eagle.jpg
jpg, 36x41px, 24bpp, 1 page(s), 96.000000x96.000000 dpi, 858 bytes

=====================================================================

File 82 of 107

RAM free    :    1230.7 of    2047.3 Mb
Virtual free:    1848.0 of    2047.9 Mb
Target free disk space :   84177.7 of  155245.3 Mb
Temp free disk space   :   40837.7 of  100000.0 Mb

Src info : F:\Agatha Christie\gameres\rooms\endhouse_bedroom\images\fish01.jng
jng, 37x78px, 32bpp, 1 page(s), 96.000000x96.000000 dpi, 2784 bytes
Load all pages :  ok

Operations:
Resize :  ok

Save :  ok

Dest info : F:\PHOTO\fish01.jpg
jpg, 37x78px, 24bpp, 1 page(s), 96.000000x96.000000 dpi, 1044 bytes

=====================================================================

File 83 of 107

RAM free    :    1230.7 of    2047.3 Mb
Virtual free:    1848.0 of    2047.9 Mb
Target free disk space :   84177.7 of  155245.3 Mb
Temp free disk space   :   40837.7 of  100000.0 Mb

Src info : F:\Agatha Christie\gameres\rooms\endhouse_bedroom\images\fish02.jng
jng, 15x12px, 32bpp, 1 page(s), 96.000000x96.000000 dpi, 767 bytes
Load all pages :  ok

Operations:
Resize :  ok

Save :  ok

Dest info : F:\PHOTO\fish02.jpg
jpg, 15x12px, 24bpp, 1 page(s), 96.000000x96.000000 dpi, 440 bytes

=====================================================================

File 84 of 107

RAM free    :    1230.7 of    2047.3 Mb
Virtual free:    1848.0 of    2047.9 Mb
Target free disk space :   84177.7 of  155245.3 Mb
Temp free disk space   :   40837.7 of  100000.0 Mb

Src info : F:\Agatha Christie\gameres\rooms\endhouse_bedroom\images\flowers_vase.jng
jng, 154x119px, 32bpp, 1 page(s), 96.000000x96.000000 dpi, 15564 bytes
Load all pages :  ok

Operations:
Resize :  ok

Save :  ok

Dest info : F:\PHOTO\flowers_vase.jpg
jpg, 154x119px, 24bpp, 1 page(s), 96.000000x96.000000 dpi, 5778 bytes

=====================================================================

File 85 of 107

RAM free    :    1230.8 of    2047.3 Mb
Virtual free:    1848.0 of    2047.9 Mb
Target free disk space :   84177.7 of  155245.3 Mb
Temp free disk space   :   40837.7 of  100000.0 Mb

Src info : F:\Agatha Christie\gameres\rooms\endhouse_bedroom\images\frayed_cord.jng
jng, 91x20px, 32bpp, 1 page(s), 96.000000x96.000000 dpi, 2063 bytes
Load all pages :  ok

Operations:
Resize :  ok

Save :  ok

Dest info : F:\PHOTO\frayed_cord.jpg
jpg, 91x20px, 24bpp, 1 page(s), 96.000000x96.000000 dpi, 922 bytes

=====================================================================

File 86 of 107

RAM free    :    1230.6 of    2047.3 Mb
Virtual free:    1848.0 of    2047.9 Mb
Target free disk space :   84177.7 of  155245.3 Mb
Temp free disk space   :   40837.7 of  100000.0 Mb

Src info : F:\Agatha Christie\gameres\rooms\endhouse_bedroom\images\frog.jng
jng, 34x46px, 32bpp, 1 page(s), 96.000000x96.000000 dpi, 2193 bytes
Load all pages :  ok

Operations:
Resize :  ok

Save :  ok

Dest info : F:\PHOTO\frog.jpg
jpg, 34x46px, 24bpp, 1 page(s), 96.000000x96.000000 dpi, 994 bytes

=====================================================================

File 87 of 107

RAM free    :    1230.6 of    2047.3 Mb
Virtual free:    1848.0 of    2047.9 Mb
Target free disk space :   84177.7 of  155245.3 Mb
Temp free disk space   :   40837.7 of  100000.0 Mb

Src info : F:\Agatha Christie\gameres\rooms\endhouse_bedroom\images\frog02.jng
jng, 34x29px, 32bpp, 1 page(s), 96.000000x96.000000 dpi, 1815 bytes
Load all pages :  ok

Operations:
Resize :  ok

Save :  ok

Dest info : F:\PHOTO\frog02.jpg
jpg, 34x29px, 24bpp, 1 page(s), 96.000000x96.000000 dpi, 812 bytes

=====================================================================

File 88 of 107

RAM free    :    1230.6 of    2047.3 Mb
Virtual free:    1848.0 of    2047.9 Mb
Target free disk space :   84177.7 of  155245.3 Mb
Temp free disk space   :   40837.7 of  100000.0 Mb

Src info : F:\Agatha Christie\gameres\rooms\endhouse_bedroom\images\hat.jng
jng, 27x25px, 32bpp, 1 page(s), 96.000000x96.000000 dpi, 1258 bytes
Load all pages :  ok

Operations:
Resize :  ok

Save :  ok

Dest info : F:\PHOTO\hat.jpg
jpg, 27x25px, 24bpp, 1 page(s), 96.000000x96.000000 dpi, 625 bytes

=====================================================================

File 89 of 107

RAM free    :    1230.8 of    2047.3 Mb
Virtual free:    1848.0 of    2047.9 Mb
Target free disk space :   84177.7 of  155245.3 Mb
Temp free disk space   :   40837.7 of  100000.0 Mb

Src info : F:\Agatha Christie\gameres\rooms\endhouse_bedroom\images\hat02.jng
jng, 67x66px, 32bpp, 1 page(s), 96.000000x96.000000 dpi, 3240 bytes
Load all pages :  ok

Operations:
Resize :  ok

Save :  ok

Dest info : F:\PHOTO\hat02.jpg
jpg, 67x66px, 24bpp, 1 page(s), 96.000000x96.000000 dpi, 1500 bytes

=====================================================================

File 90 of 107

RAM free    :    1231.2 of    2047.3 Mb
Virtual free:    1848.0 of    2047.9 Mb
Target free disk space :   84177.7 of  155245.3 Mb
Temp free disk space   :   40837.7 of  100000.0 Mb

Src info : F:\Agatha Christie\gameres\rooms\endhouse_bedroom\images\hedgehog.jng
jng, 62x44px, 32bpp, 1 page(s), 96.000000x96.000000 dpi, 3165 bytes
Load all pages :  ok

Operations:
Resize :  ok

Save :  ok

Dest info : F:\PHOTO\hedgehog.jpg
jpg, 62x44px, 24bpp, 1 page(s), 96.000000x96.000000 dpi, 1381 bytes

=====================================================================

File 91 of 107

RAM free    :    1230.1 of    2047.3 Mb
Virtual free:    1848.0 of    2047.9 Mb
Target free disk space :   84177.7 of  155245.3 Mb
Temp free disk space   :   40837.7 of  100000.0 Mb

Src info : F:\Agatha Christie\gameres\rooms\endhouse_bedroom\images\horn.jng
jng, 61x33px, 32bpp, 1 page(s), 96.000000x96.000000 dpi, 2374 bytes
Load all pages :  ok

Operations:
Resize :  ok

Save :  ok

Dest info : F:\PHOTO\horn.jpg
jpg, 61x33px, 24bpp, 1 page(s), 96.000000x96.000000 dpi, 1006 bytes

=====================================================================

File 92 of 107

RAM free    :    1230.0 of    2047.3 Mb
Virtual free:    1848.0 of    2047.9 Mb
Target free disk space :   84177.7 of  155245.3 Mb
Temp free disk space   :   40837.7 of  100000.0 Mb

Src info : F:\Agatha Christie\gameres\rooms\endhouse_bedroom\images\horse.jng
jng, 29x26px, 32bpp, 1 page(s), 96.000000x96.000000 dpi, 1166 bytes
Load all pages :  ok

Operations:
Resize :  ok

Save :  ok

Dest info : F:\PHOTO\horse.jpg
jpg, 29x26px, 24bpp, 1 page(s), 96.000000x96.000000 dpi, 579 bytes

=====================================================================

File 93 of 107

RAM free    :    1230.3 of    2047.3 Mb
Virtual free:    1848.0 of    2047.9 Mb
Target free disk space :   84177.7 of  155245.3 Mb
Temp free disk space   :   40837.7 of  100000.0 Mb

Src info : F:\Agatha Christie\gameres\rooms\endhouse_bedroom\images\ladybird.jng
jng, 25x19px, 32bpp, 1 page(s), 96.000000x96.000000 dpi, 1422 bytes
Load all pages :  ok

Operations:
Resize :  ok

Save :  ok

Dest info : F:\PHOTO\ladybird.jpg
jpg, 25x19px, 24bpp, 1 page(s), 96.000000x96.000000 dpi, 653 bytes

=====================================================================

File 94 of 107

RAM free    :    1230.0 of    2047.3 Mb
Virtual free:    1848.0 of    2047.9 Mb
Target free disk space :   84177.7 of  155245.3 Mb
Temp free disk space   :   40837.7 of  100000.0 Mb

Src info : F:\Agatha Christie\gameres\rooms\endhouse_bedroom\images\leaf.jng
jng, 33x28px, 32bpp, 1 page(s), 96.000000x96.000000 dpi, 1577 bytes
Load all pages :  ok

Operations:
Resize :  ok

Save :  ok

Dest info : F:\PHOTO\leaf.jpg
jpg, 33x28px, 24bpp, 1 page(s), 96.000000x96.000000 dpi, 771 bytes

=====================================================================

File 95 of 107

RAM free    :    1230.1 of    2047.3 Mb
Virtual free:    1848.0 of    2047.9 Mb
Target free disk space :   84177.7 of  155245.3 Mb
Temp free disk space   :   40837.7 of  100000.0 Mb

Src info : F:\Agatha Christie\gameres\rooms\endhouse_bedroom\images\letters.jng
jng, 53x29px, 32bpp, 1 page(s), 96.000000x96.000000 dpi, 2053 bytes
Load all pages :  ok

Operations:
Resize :  ok

Save :  ok

Dest info : F:\PHOTO\letters.jpg
jpg, 53x29px, 24bpp, 1 page(s), 96.000000x96.000000 dpi, 875 bytes

=====================================================================

File 96 of 107

RAM free    :    1230.1 of    2047.3 Mb
Virtual free:    1848.0 of    2047.9 Mb
Target free disk space :   84177.7 of  155245.3 Mb
Temp free disk space   :   40837.7 of  100000.0 Mb

Src info : F:\Agatha Christie\gameres\rooms\endhouse_bedroom\images\lizard.jng
jng, 39x109px, 32bpp, 1 page(s), 96.000000x96.000000 dpi, 3397 bytes
Load all pages :  ok

Operations:
Resize :  ok

Save :  ok

Dest info : F:\PHOTO\lizard.jpg
jpg, 39x109px, 24bpp, 1 page(s), 96.000000x96.000000 dpi, 1197 bytes

=====================================================================

File 97 of 107

RAM free    :    1230.2 of    2047.3 Mb
Virtual free:    1848.0 of    2047.9 Mb
Target free disk space :   84177.6 of  155245.3 Mb
Temp free disk space   :   40837.7 of  100000.0 Mb

Src info : F:\Agatha Christie\gameres\rooms\endhouse_bedroom\images\orange.jng
jng, 21x19px, 32bpp, 1 page(s), 96.000000x96.000000 dpi, 1247 bytes
Load all pages :  ok

Operations:
Resize :  ok

Save :  ok

Dest info : F:\PHOTO\orange.jpg
jpg, 21x19px, 24bpp, 1 page(s), 96.000000x96.000000 dpi, 643 bytes

=====================================================================

File 98 of 107

RAM free    :    1230.2 of    2047.3 Mb
Virtual free:    1848.0 of    2047.9 Mb
Target free disk space :   84177.6 of  155245.3 Mb
Temp free disk space   :   40837.7 of  100000.0 Mb

Src info : F:\Agatha Christie\gameres\rooms\endhouse_bedroom\images\pencil.jng
jng, 51x48px, 32bpp, 1 page(s), 96.000000x96.000000 dpi, 1851 bytes
Load all pages :  ok

Operations:
Resize :  ok

Save :  ok

Dest info : F:\PHOTO\pencil.jpg
jpg, 51x48px, 24bpp, 1 page(s), 96.000000x96.000000 dpi, 818 bytes

=====================================================================

File 99 of 107

RAM free    :    1230.2 of    2047.3 Mb
Virtual free:    1848.0 of    2047.9 Mb
Target free disk space :   84177.6 of  155245.3 Mb
Temp free disk space   :   40837.7 of  100000.0 Mb

Src info : F:\Agatha Christie\gameres\rooms\endhouse_bedroom\images\piano.jng
jng, 69x73px, 32bpp, 1 page(s), 96.000000x96.000000 dpi, 4950 bytes
Load all pages :  ok

Operations:
Resize :  ok

Save :  ok

Dest info : F:\PHOTO\piano.jpg
jpg, 69x73px, 24bpp, 1 page(s), 96.000000x96.000000 dpi, 1950 bytes

=====================================================================

File 100 of 107

RAM free    :    1230.3 of    2047.3 Mb
Virtual free:    1848.0 of    2047.9 Mb
Target free disk space :   84177.6 of  155245.3 Mb
Temp free disk space   :   40837.7 of  100000.0 Mb

Src info : F:\Agatha Christie\gameres\rooms\endhouse_bedroom\images\plume.jng
jng, 27x28px, 32bpp, 1 page(s), 96.000000x96.000000 dpi, 1308 bytes
Load all pages :  ok

Operations:
Resize :  ok

Save :  ok

Dest info : F:\PHOTO\plume.jpg
jpg, 27x28px, 24bpp, 1 page(s), 96.000000x96.000000 dpi, 618 bytes

=====================================================================

File 101 of 107

RAM free    :    1230.2 of    2047.3 Mb
Virtual free:    1848.0 of    2047.9 Mb
Target free disk space :   84177.6 of  155245.3 Mb
Temp free disk space   :   40837.7 of  100000.0 Mb

Src info : F:\Agatha Christie\gameres\rooms\endhouse_bedroom\images\plume02.jng
jng, 15x36px, 32bpp, 1 page(s), 96.000000x96.000000 dpi, 1283 bytes
Load all pages :  ok

Operations:
Resize :  ok

Save :  ok

Dest info : F:\PHOTO\plume02.jpg
jpg, 15x36px, 24bpp, 1 page(s), 96.000000x96.000000 dpi, 577 bytes

=====================================================================

File 102 of 107

RAM free    :    1230.3 of    2047.3 Mb
Virtual free:    1848.0 of    2047.9 Mb
Target free disk space :   84177.6 of  155245.3 Mb
Temp free disk space   :   40837.7 of  100000.0 Mb

Src info : F:\Agatha Christie\gameres\rooms\endhouse_bedroom\images\rhino.jng
jng, 57x27px, 32bpp, 1 page(s), 96.000000x96.000000 dpi, 1548 bytes
Load all pages :  ok

Operations:
Resize :  ok

Save :  ok

Dest info : F:\PHOTO\rhino.jpg
jpg, 57x27px, 24bpp, 1 page(s), 96.000000x96.000000 dpi, 837 bytes

=====================================================================

File 103 of 107

RAM free    :    1230.3 of    2047.3 Mb
Virtual free:    1848.0 of    2047.9 Mb
Target free disk space :   84177.6 of  155245.3 Mb
Temp free disk space   :   40837.7 of  100000.0 Mb

Src info : F:\Agatha Christie\gameres\rooms\endhouse_bedroom\images\scorpion.jng
jng, 30x25px, 32bpp, 1 page(s), 96.000000x96.000000 dpi, 1598 bytes
Load all pages :  ok

Operations:
Resize :  ok

Save :  ok

Dest info : F:\PHOTO\scorpion.jpg
jpg, 30x25px, 24bpp, 1 page(s), 96.000000x96.000000 dpi, 725 bytes

=====================================================================

File 104 of 107

RAM free    :    1230.3 of    2047.3 Mb
Virtual free:    1848.0 of    2047.9 Mb
Target free disk space :   84177.6 of  155245.3 Mb
Temp free disk space   :   40837.7 of  100000.0 Mb

Src info : F:\Agatha Christie\gameres\rooms\endhouse_bedroom\images\skull.jng
jng, 50x46px, 32bpp, 1 page(s), 96.000000x96.000000 dpi, 2535 bytes
Load all pages :  ok

Operations:
Resize :  ok

Save :  ok

Dest info : F:\PHOTO\skull.jpg
jpg, 50x46px, 24bpp, 1 page(s), 96.000000x96.000000 dpi, 1165 bytes

=====================================================================

File 105 of 107

RAM free    :    1230.3 of    2047.3 Mb
Virtual free:    1848.0 of    2047.9 Mb
Target free disk space :   84177.6 of  155245.3 Mb
Temp free disk space   :   40837.7 of  100000.0 Mb

Src info : F:\Agatha Christie\gameres\rooms\endhouse_bedroom\images\spider.jng
jng, 19x21px, 32bpp, 1 page(s), 96.000000x96.000000 dpi, 1004 bytes
Load all pages :  ok

Operations:
Resize :  ok

Save :  ok

Dest info : F:\PHOTO\spider.jpg
jpg, 19x21px, 24bpp, 1 page(s), 96.000000x96.000000 dpi, 542 bytes

=====================================================================

File 106 of 107

RAM free    :    1230.2 of    2047.3 Mb
Virtual free:    1848.0 of    2047.9 Mb
Target free disk space :   84177.6 of  155245.3 Mb
Temp free disk space   :   40837.7 of  100000.0 Mb

Src info : F:\Agatha Christie\gameres\rooms\endhouse_bedroom\images\strawberries.jng
jng, 18x16px, 32bpp, 1 page(s), 96.000000x96.000000 dpi, 1065 bytes
Load all pages :  ok

Operations:
Resize :  ok

Save :  ok

Dest info : F:\PHOTO\strawberries.jpg
jpg, 18x16px, 24bpp, 1 page(s), 96.000000x96.000000 dpi, 525 bytes

=====================================================================

File 107 of 107

RAM free    :    1230.4 of    2047.3 Mb
Virtual free:    1848.0 of    2047.9 Mb
Target free disk space :   84177.6 of  155245.3 Mb
Temp free disk space   :   40837.7 of  100000.0 Mb

Src info : F:\Agatha Christie\gameres\rooms\endhouse_bedroom\images\vine.jng
jng, 26x52px, 32bpp, 1 page(s), 96.000000x96.000000 dpi, 2016 bytes
Load all pages :  ok

Operations:
Resize :  ok

Save :  ok

Dest info : F:\PHOTO\vine.jpg
jpg, 26x52px, 24bpp, 1 page(s), 96.000000x96.000000 dpi, 935 bytes

Complete at Friday, December 28, 2012    23:06:40
=========================================
